# JRE version: Java(TM) SE Runtime Environment (8.0_171-b11) (build 1.8.0_171-b11)
# Java VM: Java HotSpot(TM) 64-Bit Server VM (25.171-b11 mixed mode windows-amd64 compressed oops)
Heap:
 PSYoungGen      total 245248K, used 167997K [0x00000000d6300000, 0x00000000e6600000, 0x0000000100000000)
  eden space 233472K, 71% used [0x00000000d6300000,0x00000000e070f610,0x00000000e4700000)
  from space 11776K, 0% used [0x00000000e5400000,0x00000000e5400000,0x00000000e5f80000)
  to   space 13312K, 0% used [0x00000000e4700000,0x00000000e4700000,0x00000000e5400000)
 ParOldGen       total 70656K, used 40870K [0x0000000082800000, 0x0000000086d00000, 0x00000000d6300000)
  object space 70656K, 57% used [0x0000000082800000,0x0000000084fe99c8,0x0000000086d00000)
 Metaspace       used 65926K, capacity 68681K, committed 68824K, reserved 1107968K
  class space    used 8847K, capacity 9349K, committed 9472K, reserved 1048576K
GC Heap History (10 events):
Event: 22.412 GC heap before
{Heap before GC invocations=9 (full 1):
 PSYoungGen      total 137216K, used 112547K [0x00000000d6300000, 0x00000000e5f80000, 0x0000000100000000)
  eden space 127488K, 80% used [0x00000000d6300000,0x00000000dc76a0f0,0x00000000ddf80000)
  from space 9728K, 99% used [0x00000000ddf80000,0x00000000de8fec30,0x00000000de900000)
  to   space 11776K, 0% used [0x00000000e5400000,0x00000000e5400000,0x00000000e5f80000)
 ParOldGen       total 46592K, used 7611K [0x0000000082800000, 0x0000000085580000, 0x00000000d6300000)
  object space 46592K, 16% used [0x0000000082800000,0x0000000082f6ee58,0x0000000085580000)
 Metaspace       used 34159K, capacity 35286K, committed 35416K, reserved 1079296K
  class space    used 4419K, capacity 4655K, committed 4736K, reserved 1048576K
Event: 22.427 GC heap after
Heap after GC invocations=9 (full 1):
 PSYoungGen      total 245248K, used 11775K [0x00000000d6300000, 0x00000000e6600000, 0x0000000100000000)
  eden space 233472K, 0% used [0x00000000d6300000,0x00000000d6300000,0x00000000e4700000)
  from space 11776K, 99% used [0x00000000e5400000,0x00000000e5f7fc28,0x00000000e5f80000)
  to   space 13312K, 0% used [0x00000000e4700000,0x00000000e4700000,0x00000000e5400000)
 ParOldGen       total 46592K, used 8748K [0x0000000082800000, 0x0000000085580000, 0x00000000d6300000)
  object space 46592K, 18% used [0x0000000082800000,0x000000008308b148,0x0000000085580000)
 Metaspace       used 34159K, capacity 35286K, committed 35416K, reserved 1079296K
  class space    used 4419K, capacity 4655K, committed 4736K, reserved 1048576K
}
Event: 22.427 GC heap before
{Heap before GC invocations=10 (full 2):
 PSYoungGen      total 245248K, used 11775K [0x00000000d6300000, 0x00000000e6600000, 0x0000000100000000)
  eden space 233472K, 0% used [0x00000000d6300000,0x00000000d6300000,0x00000000e4700000)
  from space 11776K, 99% used [0x00000000e5400000,0x00000000e5f7fc28,0x00000000e5f80000)
  to   space 13312K, 0% used [0x00000000e4700000,0x00000000e4700000,0x00000000e5400000)
 ParOldGen       total 46592K, used 8748K [0x0000000082800000, 0x0000000085580000, 0x00000000d6300000)
  object space 46592K, 18% used [0x0000000082800000,0x000000008308b148,0x0000000085580000)
 Metaspace       used 34159K, capacity 35286K, committed 35416K, reserved 1079296K
  class space    used 4419K, capacity 4655K, committed 4736K, reserved 1048576K
Event: 22.508 GC heap after
Heap after GC invocations=10 (full 2):
 PSYoungGen      total 245248K, used 0K [0x00000000d6300000, 0x00000000e6600000, 0x0000000100000000)
  eden space 233472K, 0% used [0x00000000d6300000,0x00000000d6300000,0x00000000e4700000)
  from space 11776K, 0% used [0x00000000e5400000,0x00000000e5400000,0x00000000e5f80000)
  to   space 13312K, 0% used [0x00000000e4700000,0x00000000e4700000,0x00000000e5400000)
 ParOldGen       total 70656K, used 17445K [0x0000000082800000, 0x0000000086d00000, 0x00000000d6300000)
  object space 70656K, 24% used [0x0000000082800000,0x0000000083909578,0x0000000086d00000)
 Metaspace       used 34159K, capacity 35286K, committed 35416K, reserved 1079296K
  class space    used 4419K, capacity 4655K, committed 4736K, reserved 1048576K
}
Event: 25.658 GC heap before
{Heap before GC invocations=11 (full 2):
 PSYoungGen      total 245248K, used 233472K [0x00000000d6300000, 0x00000000e6600000, 0x0000000100000000)
  eden space 233472K, 100% used [0x00000000d6300000,0x00000000e4700000,0x00000000e4700000)
  from space 11776K, 0% used [0x00000000e5400000,0x00000000e5400000,0x00000000e5f80000)
  to   space 13312K, 0% used [0x00000000e4700000,0x00000000e4700000,0x00000000e5400000)
 ParOldGen       total 70656K, used 17445K [0x0000000082800000, 0x0000000086d00000, 0x00000000d6300000)
  object space 70656K, 24% used [0x0000000082800000,0x0000000083909578,0x0000000086d00000)
 Metaspace       used 45502K, capacity 47330K, committed 47448K, reserved 1091584K
  class space    used 5822K, capacity 6211K, committed 6272K, reserved 1048576K
Event: 25.682 GC heap after
Heap after GC invocations=11 (full 2):
 PSYoungGen      total 246784K, used 13298K [0x00000000d6300000, 0x00000000e6600000, 0x0000000100000000)
  eden space 233472K, 0% used [0x00000000d6300000,0x00000000d6300000,0x00000000e4700000)
  from space 13312K, 99% used [0x00000000e4700000,0x00000000e53fc920,0x00000000e5400000)
  to   space 11776K, 0% used [0x00000000e5400000,0x00000000e5400000,0x00000000e5f80000)
 ParOldGen       total 70656K, used 24543K [0x0000000082800000, 0x0000000086d00000, 0x00000000d6300000)
  object space 70656K, 34% used [0x0000000082800000,0x0000000083ff7ed8,0x0000000086d00000)
 Metaspace       used 45502K, capacity 47330K, committed 47448K, reserved 1091584K
  class space    used 5822K, capacity 6211K, committed 6272K, reserved 1048576K
}
Event: 29.026 GC heap before
{Heap before GC invocations=12 (full 2):
 PSYoungGen      total 246784K, used 231910K [0x00000000d6300000, 0x00000000e6600000, 0x0000000100000000)
  eden space 233472K, 93% used [0x00000000d6300000,0x00000000e387d238,0x00000000e4700000)
  from space 13312K, 99% used [0x00000000e4700000,0x00000000e53fc920,0x00000000e5400000)
  to   space 11776K, 0% used [0x00000000e5400000,0x00000000e5400000,0x00000000e5f80000)
 ParOldGen       total 70656K, used 24543K [0x0000000082800000, 0x0000000086d00000, 0x00000000d6300000)
  object space 70656K, 34% used [0x0000000082800000,0x0000000083ff7ed8,0x0000000086d00000)
 Metaspace       used 56849K, capacity 58960K, committed 59028K, reserved 1099776K
  class space    used 7491K, capacity 7928K, committed 7936K, reserved 1048576K
Event: 29.062 GC heap after
Heap after GC invocations=12 (full 2):
 PSYoungGen      total 245248K, used 11752K [0x00000000d6300000, 0x00000000e6600000, 0x0000000100000000)
  eden space 233472K, 0% used [0x00000000d6300000,0x00000000d6300000,0x00000000e4700000)
  from space 11776K, 99% used [0x00000000e5400000,0x00000000e5f7a2e0,0x00000000e5f80000)
  to   space 13312K, 0% used [0x00000000e4700000,0x00000000e4700000,0x00000000e5400000)
 ParOldGen       total 70656K, used 41367K [0x0000000082800000, 0x0000000086d00000, 0x00000000d6300000)
  object space 70656K, 58% used [0x0000000082800000,0x0000000085065d70,0x0000000086d00000)
 Metaspace       used 56849K, capacity 58960K, committed 59028K, reserved 1099776K
  class space    used 7491K, capacity 7928K, committed 7936K, reserved 1048576K
}
Event: 29.062 GC heap before
{Heap before GC invocations=13 (full 3):
 PSYoungGen      total 245248K, used 11752K [0x00000000d6300000, 0x00000000e6600000, 0x0000000100000000)
  eden space 233472K, 0% used [0x00000000d6300000,0x00000000d6300000,0x00000000e4700000)
  from space 11776K, 99% used [0x00000000e5400000,0x00000000e5f7a2e0,0x00000000e5f80000)
  to   space 13312K, 0% used [0x00000000e4700000,0x00000000e4700000,0x00000000e5400000)
 ParOldGen       total 70656K, used 41367K [0x0000000082800000, 0x0000000086d00000, 0x00000000d6300000)
  object space 70656K, 58% used [0x0000000082800000,0x0000000085065d70,0x0000000086d00000)
 Metaspace       used 56849K, capacity 58960K, committed 59028K, reserved 1099776K
  class space    used 7491K, capacity 7928K, committed 7936K, reserved 1048576K
Event: 29.296 GC heap after
Heap after GC invocations=13 (full 3):
 PSYoungGen      total 245248K, used 0K [0x00000000d6300000, 0x00000000e6600000, 0x0000000100000000)
  eden space 233472K, 0% used [0x00000000d6300000,0x00000000d6300000,0x00000000e4700000)
  from space 11776K, 0% used [0x00000000e5400000,0x00000000e5400000,0x00000000e5f80000)
  to   space 13312K, 0% used [0x00000000e4700000,0x00000000e4700000,0x00000000e5400000)
 ParOldGen       total 70656K, used 40870K [0x0000000082800000, 0x0000000086d00000, 0x00000000d6300000)
  object space 70656K, 57% used [0x0000000082800000,0x0000000084fe99c8,0x0000000086d00000)
 Metaspace       used 56849K, capacity 58960K, committed 59028K, reserved 1099776K
  class space    used 7491K, capacity 7928K, committed 7936K, reserved 1048576K
}

