# JRE version: Java(TM) SE Runtime Environment (8.0_171-b11) (build 1.8.0_171-b11)
# Java VM: Java HotSpot(TM) 64-Bit Server VM (25.171-b11 mixed mode windows-amd64 compressed oops)
Heap:
 PSYoungGen      total 161792K, used 4307K [0x00000000d6300000, 0x00000000e0e80000, 0x0000000100000000)
  eden space 147968K, 2% used [0x00000000d6300000,0x00000000d6734db8,0x00000000df380000)
  from space 13824K, 0% used [0x00000000e0080000,0x00000000e0080000,0x00000000e0e00000)
  to   space 13312K, 0% used [0x00000000df380000,0x00000000df380000,0x00000000e0080000)
 ParOldGen       total 80384K, used 31477K [0x0000000082800000, 0x0000000087680000, 0x00000000d6300000)
  object space 80384K, 39% used [0x0000000082800000,0x00000000846bd518,0x0000000087680000)
 Metaspace       used 57559K, capacity 59750K, committed 59992K, reserved 1101824K
  class space    used 7599K, capacity 8045K, committed 8064K, reserved 1048576K
GC Heap History (10 events):
Event: 10.380 GC heap before
{Heap before GC invocations=17 (full 2):
 PSYoungGen      total 115712K, used 115433K [0x00000000d6300000, 0x00000000de400000, 0x0000000100000000)
  eden space 109056K, 100% used [0x00000000d6300000,0x00000000dcd80000,0x00000000dcd80000)
  from space 6656K, 95% used [0x00000000ddd80000,0x00000000de3ba720,0x00000000de400000)
  to   space 10240K, 0% used [0x00000000dd000000,0x00000000dd000000,0x00000000dda00000)
 ParOldGen       total 80384K, used 13790K [0x0000000082800000, 0x0000000087680000, 0x00000000d6300000)
  object space 80384K, 17% used [0x0000000082800000,0x0000000083577830,0x0000000087680000)
 Metaspace       used 44526K, capacity 46198K, committed 46552K, reserved 1089536K
  class space    used 5690K, capacity 6049K, committed 6144K, reserved 1048576K
Event: 10.403 GC heap after
Heap after GC invocations=17 (full 2):
 PSYoungGen      total 121856K, used 10224K [0x00000000d6300000, 0x00000000e0e00000, 0x0000000100000000)
  eden space 111616K, 0% used [0x00000000d6300000,0x00000000d6300000,0x00000000dd000000)
  from space 10240K, 99% used [0x00000000dd000000,0x00000000dd9fc258,0x00000000dda00000)
  to   space 13824K, 0% used [0x00000000e0080000,0x00000000e0080000,0x00000000e0e00000)
 ParOldGen       total 80384K, used 19734K [0x0000000082800000, 0x0000000087680000, 0x00000000d6300000)
  object space 80384K, 24% used [0x0000000082800000,0x0000000083b45818,0x0000000087680000)
 Metaspace       used 44526K, capacity 46198K, committed 46552K, reserved 1089536K
  class space    used 5690K, capacity 6049K, committed 6144K, reserved 1048576K
}
Event: 11.615 GC heap before
{Heap before GC invocations=18 (full 2):
 PSYoungGen      total 121856K, used 121840K [0x00000000d6300000, 0x00000000e0e00000, 0x0000000100000000)
  eden space 111616K, 100% used [0x00000000d6300000,0x00000000dd000000,0x00000000dd000000)
  from space 10240K, 99% used [0x00000000dd000000,0x00000000dd9fc258,0x00000000dda00000)
  to   space 13824K, 0% used [0x00000000e0080000,0x00000000e0080000,0x00000000e0e00000)
 ParOldGen       total 80384K, used 19734K [0x0000000082800000, 0x0000000087680000, 0x00000000d6300000)
  object space 80384K, 24% used [0x0000000082800000,0x0000000083b45818,0x0000000087680000)
 Metaspace       used 47657K, capacity 49550K, committed 49752K, reserved 1093632K
  class space    used 6120K, capacity 6515K, committed 6528K, reserved 1048576K
Event: 11.635 GC heap after
Heap after GC invocations=18 (full 2):
 PSYoungGen      total 161792K, used 7703K [0x00000000d6300000, 0x00000000e0e80000, 0x0000000100000000)
  eden space 147968K, 0% used [0x00000000d6300000,0x00000000d6300000,0x00000000df380000)
  from space 13824K, 55% used [0x00000000e0080000,0x00000000e0805d80,0x00000000e0e00000)
  to   space 13312K, 0% used [0x00000000df380000,0x00000000df380000,0x00000000e0080000)
 ParOldGen       total 80384K, used 28763K [0x0000000082800000, 0x0000000087680000, 0x00000000d6300000)
  object space 80384K, 35% used [0x0000000082800000,0x0000000084416df8,0x0000000087680000)
 Metaspace       used 47657K, capacity 49550K, committed 49752K, reserved 1093632K
  class space    used 6120K, capacity 6515K, committed 6528K, reserved 1048576K
}
Event: 14.335 GC heap before
{Heap before GC invocations=19 (full 2):
 PSYoungGen      total 161792K, used 155671K [0x00000000d6300000, 0x00000000e0e80000, 0x0000000100000000)
  eden space 147968K, 100% used [0x00000000d6300000,0x00000000df380000,0x00000000df380000)
  from space 13824K, 55% used [0x00000000e0080000,0x00000000e0805d80,0x00000000e0e00000)
  to   space 13312K, 0% used [0x00000000df380000,0x00000000df380000,0x00000000e0080000)
 ParOldGen       total 80384K, used 28763K [0x0000000082800000, 0x0000000087680000, 0x00000000d6300000)
  object space 80384K, 35% used [0x0000000082800000,0x0000000084416df8,0x0000000087680000)
 Metaspace       used 56760K, capacity 58934K, committed 59028K, reserved 1099776K
  class space    used 7467K, capacity 7909K, committed 7936K, reserved 1048576K
Event: 14.354 GC heap after
Heap after GC invocations=19 (full 2):
 PSYoungGen      total 161280K, used 10062K [0x00000000d6300000, 0x00000000e0e80000, 0x0000000100000000)
  eden space 147968K, 0% used [0x00000000d6300000,0x00000000d6300000,0x00000000df380000)
  from space 13312K, 75% used [0x00000000df380000,0x00000000dfd53940,0x00000000e0080000)
  to   space 13824K, 0% used [0x00000000e0080000,0x00000000e0080000,0x00000000e0e00000)
 ParOldGen       total 80384K, used 31943K [0x0000000082800000, 0x0000000087680000, 0x00000000d6300000)
  object space 80384K, 39% used [0x0000000082800000,0x0000000084731c78,0x0000000087680000)
 Metaspace       used 56760K, capacity 58934K, committed 59028K, reserved 1099776K
  class space    used 7467K, capacity 7909K, committed 7936K, reserved 1048576K
}
Event: 14.360 GC heap before
{Heap before GC invocations=20 (full 2):
 PSYoungGen      total 161280K, used 15331K [0x00000000d6300000, 0x00000000e0e80000, 0x0000000100000000)
  eden space 147968K, 3% used [0x00000000d6300000,0x00000000d68255e0,0x00000000df380000)
  from space 13312K, 75% used [0x00000000df380000,0x00000000dfd53940,0x00000000e0080000)
  to   space 13824K, 0% used [0x00000000e0080000,0x00000000e0080000,0x00000000e0e00000)
 ParOldGen       total 80384K, used 31943K [0x0000000082800000, 0x0000000087680000, 0x00000000d6300000)
  object space 80384K, 39% used [0x0000000082800000,0x0000000084731c78,0x0000000087680000)
 Metaspace       used 56813K, capacity 58940K, committed 59028K, reserved 1099776K
  class space    used 7471K, capacity 7910K, committed 7936K, reserved 1048576K
Event: 14.370 GC heap after
Heap after GC invocations=20 (full 2):
 PSYoungGen      total 161792K, used 64K [0x00000000d6300000, 0x00000000e0e80000, 0x0000000100000000)
  eden space 147968K, 0% used [0x00000000d6300000,0x00000000d6300000,0x00000000df380000)
  from space 13824K, 0% used [0x00000000e0080000,0x00000000e0090000,0x00000000e0e00000)
  to   space 13312K, 0% used [0x00000000df380000,0x00000000df380000,0x00000000e0080000)
 ParOldGen       total 80384K, used 35459K [0x0000000082800000, 0x0000000087680000, 0x00000000d6300000)
  object space 80384K, 44% used [0x0000000082800000,0x0000000084aa0cc8,0x0000000087680000)
 Metaspace       used 56813K, capacity 58940K, committed 59028K, reserved 1099776K
  class space    used 7471K, capacity 7910K, committed 7936K, reserved 1048576K
}
Event: 14.370 GC heap before
{Heap before GC invocations=21 (full 3):
 PSYoungGen      total 161792K, used 64K [0x00000000d6300000, 0x00000000e0e80000, 0x0000000100000000)
  eden space 147968K, 0% used [0x00000000d6300000,0x00000000d6300000,0x00000000df380000)
  from space 13824K, 0% used [0x00000000e0080000,0x00000000e0090000,0x00000000e0e00000)
  to   space 13312K, 0% used [0x00000000df380000,0x00000000df380000,0x00000000e0080000)
 ParOldGen       total 80384K, used 35459K [0x0000000082800000, 0x0000000087680000, 0x00000000d6300000)
  object space 80384K, 44% used [0x0000000082800000,0x0000000084aa0cc8,0x0000000087680000)
 Metaspace       used 56813K, capacity 58940K, committed 59028K, reserved 1099776K
  class space    used 7471K, capacity 7910K, committed 7936K, reserved 1048576K
Event: 14.621 GC heap after
Heap after GC invocations=21 (full 3):
 PSYoungGen      total 161792K, used 0K [0x00000000d6300000, 0x00000000e0e80000, 0x0000000100000000)
  eden space 147968K, 0% used [0x00000000d6300000,0x00000000d6300000,0x00000000df380000)
  from space 13824K, 0% used [0x00000000e0080000,0x00000000e0080000,0x00000000e0e00000)
  to   space 13312K, 0% used [0x00000000df380000,0x00000000df380000,0x00000000e0080000)
 ParOldGen       total 80384K, used 31477K [0x0000000082800000, 0x0000000087680000, 0x00000000d6300000)
  object space 80384K, 39% used [0x0000000082800000,0x00000000846bd518,0x0000000087680000)
 Metaspace       used 56813K, capacity 58940K, committed 59028K, reserved 1099776K
  class space    used 7471K, capacity 7910K, committed 7936K, reserved 1048576K
}

