# JRE version: Java(TM) SE Runtime Environment (8.0_171-b11) (build 1.8.0_171-b11)
# Java VM: Java HotSpot(TM) 64-Bit Server VM (25.171-b11 mixed mode windows-amd64 compressed oops)
Heap:
 PSYoungGen      total 107008K, used 6628K [0x00000000d6300000, 0x00000000df280000, 0x0000000100000000)
  eden space 100352K, 0% used [0x00000000d6300000,0x00000000d6300000,0x00000000dc500000)
  from space 6656K, 99% used [0x00000000dec00000,0x00000000df279040,0x00000000df280000)
  to   space 9216K, 0% used [0x00000000de080000,0x00000000de080000,0x00000000de980000)
 ParOldGen       total 57344K, used 12098K [0x0000000082800000, 0x0000000086000000, 0x00000000d6300000)
  object space 57344K, 21% used [0x0000000082800000,0x00000000833d0aa8,0x0000000086000000)
 Metaspace       used 34104K, capacity 35318K, committed 35416K, reserved 1079296K
  class space    used 4408K, capacity 4673K, committed 4736K, reserved 1048576K
GC Heap History (10 events):
Event: 2.243 GC heap after
Heap after GC invocations=5 (full 0):
 PSYoungGen      total 70656K, used 5109K [0x00000000d6300000, 0x00000000df500000, 0x0000000100000000)
  eden space 65536K, 0% used [0x00000000d6300000,0x00000000d6300000,0x00000000da300000)
  from space 5120K, 99% used [0x00000000da300000,0x00000000da7fd5a0,0x00000000da800000)
  to   space 9216K, 0% used [0x00000000dec00000,0x00000000dec00000,0x00000000df500000)
 ParOldGen       total 86016K, used 9856K [0x0000000082800000, 0x0000000087c00000, 0x00000000d6300000)
  object space 86016K, 11% used [0x0000000082800000,0x00000000831a0138,0x0000000087c00000)
 Metaspace       used 20615K, capacity 21130K, committed 21248K, reserved 1067008K
  class space    used 2587K, capacity 2736K, committed 2816K, reserved 1048576K
}
Event: 2.243 GC heap before
{Heap before GC invocations=6 (full 1):
 PSYoungGen      total 70656K, used 5109K [0x00000000d6300000, 0x00000000df500000, 0x0000000100000000)
  eden space 65536K, 0% used [0x00000000d6300000,0x00000000d6300000,0x00000000da300000)
  from space 5120K, 99% used [0x00000000da300000,0x00000000da7fd5a0,0x00000000da800000)
  to   space 9216K, 0% used [0x00000000dec00000,0x00000000dec00000,0x00000000df500000)
 ParOldGen       total 86016K, used 9856K [0x0000000082800000, 0x0000000087c00000, 0x00000000d6300000)
  object space 86016K, 11% used [0x0000000082800000,0x00000000831a0138,0x0000000087c00000)
 Metaspace       used 20615K, capacity 21130K, committed 21248K, reserved 1067008K
  class space    used 2587K, capacity 2736K, committed 2816K, reserved 1048576K
Event: 2.276 GC heap after
Heap after GC invocations=6 (full 1):
 PSYoungGen      total 70656K, used 0K [0x00000000d6300000, 0x00000000df500000, 0x0000000100000000)
  eden space 65536K, 0% used [0x00000000d6300000,0x00000000d6300000,0x00000000da300000)
  from space 5120K, 0% used [0x00000000da300000,0x00000000da300000,0x00000000da800000)
  to   space 9216K, 0% used [0x00000000dec00000,0x00000000dec00000,0x00000000df500000)
 ParOldGen       total 57344K, used 6509K [0x0000000082800000, 0x0000000086000000, 0x00000000d6300000)
  object space 57344K, 11% used [0x0000000082800000,0x0000000082e5b7e8,0x0000000086000000)
 Metaspace       used 20615K, capacity 21130K, committed 21248K, reserved 1067008K
  class space    used 2587K, capacity 2736K, committed 2816K, reserved 1048576K
}
Event: 4.004 GC heap before
{Heap before GC invocations=7 (full 1):
 PSYoungGen      total 70656K, used 65536K [0x00000000d6300000, 0x00000000df500000, 0x0000000100000000)
  eden space 65536K, 100% used [0x00000000d6300000,0x00000000da300000,0x00000000da300000)
  from space 5120K, 0% used [0x00000000da300000,0x00000000da300000,0x00000000da800000)
  to   space 9216K, 0% used [0x00000000dec00000,0x00000000dec00000,0x00000000df500000)
 ParOldGen       total 57344K, used 6509K [0x0000000082800000, 0x0000000086000000, 0x00000000d6300000)
  object space 57344K, 11% used [0x0000000082800000,0x0000000082e5b7e8,0x0000000086000000)
 Metaspace       used 27632K, capacity 28554K, committed 28672K, reserved 1075200K
  class space    used 3552K, capacity 3774K, committed 3840K, reserved 1048576K
Event: 4.010 GC heap after
Heap after GC invocations=7 (full 1):
 PSYoungGen      total 107008K, used 6373K [0x00000000d6300000, 0x00000000df280000, 0x0000000100000000)
  eden space 100352K, 0% used [0x00000000d6300000,0x00000000d6300000,0x00000000dc500000)
  from space 6656K, 95% used [0x00000000dec00000,0x00000000df239648,0x00000000df280000)
  to   space 9216K, 0% used [0x00000000de080000,0x00000000de080000,0x00000000de980000)
 ParOldGen       total 57344K, used 6517K [0x0000000082800000, 0x0000000086000000, 0x00000000d6300000)
  object space 57344K, 11% used [0x0000000082800000,0x0000000082e5d7e8,0x0000000086000000)
 Metaspace       used 27632K, capacity 28554K, committed 28672K, reserved 1075200K
  class space    used 3552K, capacity 3774K, committed 3840K, reserved 1048576K
}
Event: 4.732 GC heap before
{Heap before GC invocations=8 (full 1):
 PSYoungGen      total 107008K, used 106725K [0x00000000d6300000, 0x00000000df280000, 0x0000000100000000)
  eden space 100352K, 100% used [0x00000000d6300000,0x00000000dc500000,0x00000000dc500000)
  from space 6656K, 95% used [0x00000000dec00000,0x00000000df239648,0x00000000df280000)
  to   space 9216K, 0% used [0x00000000de080000,0x00000000de080000,0x00000000de980000)
 ParOldGen       total 57344K, used 6517K [0x0000000082800000, 0x0000000086000000, 0x00000000d6300000)
  object space 57344K, 11% used [0x0000000082800000,0x0000000082e5d7e8,0x0000000086000000)
 Metaspace       used 31090K, capacity 32178K, committed 32384K, reserved 1077248K
  class space    used 3965K, capacity 4203K, committed 4224K, reserved 1048576K
Event: 4.746 GC heap after
Heap after GC invocations=8 (full 1):
 PSYoungGen      total 109568K, used 9194K [0x00000000d6300000, 0x00000000df280000, 0x0000000100000000)
  eden space 100352K, 0% used [0x00000000d6300000,0x00000000d6300000,0x00000000dc500000)
  from space 9216K, 99% used [0x00000000de080000,0x00000000de97a868,0x00000000de980000)
  to   space 6656K, 0% used [0x00000000dec00000,0x00000000dec00000,0x00000000df280000)
 ParOldGen       total 57344K, used 6737K [0x0000000082800000, 0x0000000086000000, 0x00000000d6300000)
  object space 57344K, 11% used [0x0000000082800000,0x0000000082e94668,0x0000000086000000)
 Metaspace       used 31090K, capacity 32178K, committed 32384K, reserved 1077248K
  class space    used 3965K, capacity 4203K, committed 4224K, reserved 1048576K
}
Event: 5.600 GC heap before
{Heap before GC invocations=9 (full 1):
 PSYoungGen      total 109568K, used 106997K [0x00000000d6300000, 0x00000000df280000, 0x0000000100000000)
  eden space 100352K, 97% used [0x00000000d6300000,0x00000000dc282ca8,0x00000000dc500000)
  from space 9216K, 99% used [0x00000000de080000,0x00000000de97a868,0x00000000de980000)
  to   space 6656K, 0% used [0x00000000dec00000,0x00000000dec00000,0x00000000df280000)
 ParOldGen       total 57344K, used 6737K [0x0000000082800000, 0x0000000086000000, 0x00000000d6300000)
  object space 57344K, 11% used [0x0000000082800000,0x0000000082e94668,0x0000000086000000)
 Metaspace       used 34104K, capacity 35318K, committed 35416K, reserved 1079296K
  class space    used 4408K, capacity 4673K, committed 4736K, reserved 1048576K
Event: 5.620 GC heap after
Heap after GC invocations=9 (full 1):
 PSYoungGen      total 107008K, used 6628K [0x00000000d6300000, 0x00000000df280000, 0x0000000100000000)
  eden space 100352K, 0% used [0x00000000d6300000,0x00000000d6300000,0x00000000dc500000)
  from space 6656K, 99% used [0x00000000dec00000,0x00000000df279040,0x00000000df280000)
  to   space 9216K, 0% used [0x00000000de080000,0x00000000de080000,0x00000000de980000)
 ParOldGen       total 57344K, used 12098K [0x0000000082800000, 0x0000000086000000, 0x00000000d6300000)
  object space 57344K, 21% used [0x0000000082800000,0x00000000833d0aa8,0x0000000086000000)
 Metaspace       used 34104K, capacity 35318K, committed 35416K, reserved 1079296K
  class space    used 4408K, capacity 4673K, committed 4736K, reserved 1048576K
}
Event: 5.620 GC heap before
{Heap before GC invocations=10 (full 2):
 PSYoungGen      total 107008K, used 6628K [0x00000000d6300000, 0x00000000df280000, 0x0000000100000000)
  eden space 100352K, 0% used [0x00000000d6300000,0x00000000d6300000,0x00000000dc500000)
  from space 6656K, 99% used [0x00000000dec00000,0x00000000df279040,0x00000000df280000)
  to   space 9216K, 0% used [0x00000000de080000,0x00000000de080000,0x00000000de980000)
 ParOldGen       total 57344K, used 12098K [0x0000000082800000, 0x0000000086000000, 0x00000000d6300000)
  object space 57344K, 21% used [0x0000000082800000,0x00000000833d0aa8,0x0000000086000000)
 Metaspace       used 34104K, capacity 35318K, committed 35416K, reserved 1079296K
  class space    used 4408K, capacity 4673K, committed 4736K, reserved 1048576K

